<?xml version="1.0" encoding="UTF-8"?>
<testsuite xmlns:xsi="http://www.w3.org/2001/XMLSchema-instance" xsi:noNamespaceSchemaLocation="https://maven.apache.org/surefire/maven-surefire-plugin/xsd/surefire-test-report.xsd" name="com.kraken.orderbook.OrderbookServiceTest" time="5.271" tests="3" errors="0" skipped="0" failures="0">
  <properties>
[...]
</properties>
  <testcase name="testGetOrderBook_Found" classname="com.kraken.orderbook.OrderbookServiceTest" time="0.033"/>
  <testcase name="testProcessKrakenMessage_HandleSnapshot" classname="com.kraken.orderbook.OrderbookServiceTest" time="0.004"/>
  <testcase name="testGetOrderBook_NotFound" classname="com.kraken.orderbook.OrderbookServiceTest" time="0.005"/>
</testsuite>